生成启动时间为 2018/2/20 23:36:40。
     1>项目“C:\Users\杨杰\documents\visual studio 2010\Projects\Client\Client\Client.vcxproj”在节点 2 上(build 个目标)。
     1>InitializeBuildStatus:
         正在创建“Debug\Client.unsuccessfulbuild”，因为已指定“AlwaysCreate”。
       ClCompile:
         所有输出均为最新。
         C:\Program Files (x86)\Microsoft Visual Studio 10.0\VC\bin\CL.exe /c /ZI /nologo /W3 /WX- /Od /Oy- /D WIN32 /D _WINDOWS /D _DEBUG /D _MBCS /D _AFXDLL /Gm /EHsc /RTC1 /MDd /GS /fp:precise /Zc:wchar_t /Zc:forScope /Yu"StdAfx.h" /Fp"Debug\Client.pch" /Fo"Debug\\" /Fd"Debug\vc100.pdb" /Gd /TP /analyze- /errorReport:prompt Client.cpp ClientDlg.cpp
         ClientDlg.cpp
     1>c:\users\杨杰\documents\visual studio 2010\projects\client\client\clientdlg.cpp(250): warning C4018: “<”: 有符号/无符号不匹配
     1>c:\users\杨杰\documents\visual studio 2010\projects\client\client\clientdlg.cpp(252): warning C4996: 'stricmp': The POSIX name for this item is deprecated. Instead, use the ISO C++ conformant name: _stricmp. See online help for details.
                 c:\program files (x86)\microsoft visual studio 10.0\vc\include\string.h(246) : 参见“stricmp”的声明
     1>c:\users\杨杰\documents\visual studio 2010\projects\client\client\clientdlg.cpp(260): warning C4996: 'stricmp': The POSIX name for this item is deprecated. Instead, use the ISO C++ conformant name: _stricmp. See online help for details.
                 c:\program files (x86)\microsoft visual studio 10.0\vc\include\string.h(246) : 参见“stricmp”的声明
     1>c:\users\杨杰\documents\visual studio 2010\projects\client\client\clientdlg.cpp(403): warning C4996: 'strcpy': This function or variable may be unsafe. Consider using strcpy_s instead. To disable deprecation, use _CRT_SECURE_NO_WARNINGS. See online help for details.
                 c:\program files (x86)\microsoft visual studio 10.0\vc\include\string.h(105) : 参见“strcpy”的声明
     1>c:\users\杨杰\documents\visual studio 2010\projects\client\client\clientdlg.cpp(461): warning C4018: “<”: 有符号/无符号不匹配
         Client.cpp
         正在生成代码...
       ResourceCompile:
         所有输出均为最新。
       ManifestResourceCompile:
         所有输出均为最新。
       Link:
         C:\Program Files (x86)\Microsoft Visual Studio 10.0\VC\bin\link.exe /ERRORREPORT:PROMPT /OUT:"C:\Users\杨杰\documents\visual studio 2010\Projects\Client\Debug\Client.exe" /INCREMENTAL /NOLOGO /MANIFEST /ManifestFile:"Debug\Client.exe.intermediate.manifest" /MANIFESTUAC:"level='asInvoker' uiAccess='false'" /DEBUG /PDB:"C:\Users\杨杰\documents\visual studio 2010\Projects\Client\Debug\Client.pdb" /SUBSYSTEM:WINDOWS /TLBID:1 /DYNAMICBASE /NXCOMPAT /IMPLIB:"C:\Users\杨杰\documents\visual studio 2010\Projects\Client\Debug\Client.lib" /MACHINE:X86 Debug\Client.res
         Debug\Client.exe.embed.manifest.res
         Debug\Client.obj
         Debug\ClientDlg.obj
         Debug\NL_QQwry.obj
         Debug\stdafx.obj
         Debug\TcpTran.obj
       Manifest:
         C:\Program Files (x86)\Microsoft SDKs\Windows\v7.0A\bin\mt.exe /nologo /verbose /out:"Debug\Client.exe.embed.manifest" /manifest Debug\Client.exe.intermediate.manifest "C:\Program Files (x86)\Microsoft Visual Studio 10.0\VC\Include\Manifest\dpiaware.manifest"
         所有输出均为最新。
       LinkEmbedManifest:
         所有输出均为最新。
         Client.vcxproj -> C:\Users\杨杰\documents\visual studio 2010\Projects\Client\Debug\Client.exe
       FinalizeBuildStatus:
         正在删除文件“Debug\Client.unsuccessfulbuild”。
         正在对“Debug\Client.lastbuildstate”执行 Touch 任务。
     1>已完成生成项目“C:\Users\杨杰\documents\visual studio 2010\Projects\Client\Client\Client.vcxproj”(build 个目标)的操作。

生成成功。

已用时间 00:00:13.68
